#
# A fatal error has been detected by the Java Runtime Environment:
#
#  Internal Error (generateOopMap.cpp:2164), pid=25747, tid=25759
#  fatal error: Illegal class file encountered. Try running with -Xverify:all in method run
#
# JRE version: OpenJDK Runtime Environment (11.0.4+11) (build 11.0.4+11-post-Ubuntu-1ubuntu218.04.3)
# Java VM: OpenJDK 64-Bit Server VM (11.0.4+11-post-Ubuntu-1ubuntu218.04.3, mixed mode, sharing, tiered, compressed oops, g1 gc, linux-amd64)
# Core dump will be written. Default location: Core dumps may be processed with "/usr/share/apport/apport %p %s %c %d %P" (or dumping to /home/arjun/Documents/cloudComputing/MemcachedClientServer/core.25747)
#
# If you would like to submit a bug report, please visit:
#   https://bugs.launchpad.net/ubuntu/+source/openjdk-lts
#

---------------  S U M M A R Y ------------

Command Line: -agentlib:jdwp=transport=dt_socket,suspend=y,address=localhost:37029 -javaagent:/home/arjun/stsLinux/sts-bundle/sts-3.9.10.RELEASE/configuration/org.eclipse.osgi/302/0/.cp/lib/javaagent-shaded.jar -Dfile.encoding=UTF-8 --module-path=/home/arjun/Documents/cloudComputing/MemcachedClientServer/bin -Djdk.module.main=MemcachedClientServer MemcachedClientServer/server.Server1

Host: Intel(R) Core(TM) i5-4210U CPU @ 1.70GHz, 4 cores, 7G, Ubuntu 18.04.2 LTS
Time: Tue Sep 24 19:37:59 2019 EDT elapsed time: 188 seconds (0d 0h 3m 8s)

---------------  T H R E A D  ---------------

Current thread (0x00007f558016f000):  VMThread "VM Thread" [stack: 0x00007f5568652000,0x00007f5568752000] [id=25759]

Stack: [0x00007f5568652000,0x00007f5568752000],  sp=0x00007f556874f970,  free space=1014k
Native frames: (J=compiled Java code, A=aot compiled Java code, j=interpreted, Vv=VM code, C=native code)
V  [libjvm.so+0xde4547]
V  [libjvm.so+0xde515f]
V  [libjvm.so+0x6510ba]
V  [libjvm.so+0x7b72a8]
V  [libjvm.so+0x7b737b]
V  [libjvm.so+0x7b8cbc]
V  [libjvm.so+0x7ba833]
V  [libjvm.so+0x7bbf5c]
V  [libjvm.so+0x7beabd]
V  [libjvm.so+0x7bee69]
V  [libjvm.so+0xbac64a]
V  [libjvm.so+0xbacbcb]
V  [libjvm.so+0xb3a9f6]
V  [libjvm.so+0x9d053c]
V  [libjvm.so+0xdeeda8]
V  [libjvm.so+0xdec5e6]
V  [libjvm.so+0xdecaf0]
V  [libjvm.so+0xdecf23]
V  [libjvm.so+0xd7aeea]
V  [libjvm.so+0xbc4a5e]

VM_Operation (0x00007f55589118b0): GetOrSetLocal, mode: safepoint, requested by thread 0x00007f558020c800


---------------  P R O C E S S  ---------------

Threads class SMR info:
_java_thread_list=0x00007f55802545f0, length=14, elements={
0x00007f5580014000, 0x00007f5580171800, 0x00007f5580173800, 0x00007f5580179000,
0x00007f558017b000, 0x00007f558017d800, 0x00007f558017f800, 0x00007f55801be800,
0x00007f558020c800, 0x00007f5580210000, 0x00007f552c001800, 0x00007f558026d000,
0x00007f55802ac800, 0x00007f55802af800
}
_to_delete_list=0x00007f55802add30, length=13, elements={
0x00007f5580014000, 0x00007f5580171800, 0x00007f5580173800, 0x00007f5580179000,
0x00007f558017b000, 0x00007f558017d800, 0x00007f558017f800, 0x00007f55801be800,
0x00007f558020c800, 0x00007f5580210000, 0x00007f552c001800, 0x00007f558026d000,
0x00007f55802ac800
}

Java Threads: ( => current thread )
  0x00007f5580014000 JavaThread "main" [_thread_in_native, id=25753, stack(0x00007f5589ace000,0x00007f5589bcf000)]
  0x00007f5580171800 JavaThread "Reference Handler" daemon [_thread_blocked, id=25760, stack(0x00007f556854f000,0x00007f5568650000)]
  0x00007f5580173800 JavaThread "Finalizer" daemon [_thread_blocked, id=25761, stack(0x00007f556844e000,0x00007f556854f000)]
  0x00007f5580179000 JavaThread "Signal Dispatcher" daemon [_thread_blocked, id=25762, stack(0x00007f556834d000,0x00007f556844e000)]
  0x00007f558017b000 JavaThread "C2 CompilerThread0" daemon [_thread_blocked, id=25763, stack(0x00007f556824c000,0x00007f556834d000)]
  0x00007f558017d800 JavaThread "C1 CompilerThread0" daemon [_thread_blocked, id=25764, stack(0x00007f556814b000,0x00007f556824c000)]
  0x00007f558017f800 JavaThread "Sweeper thread" daemon [_thread_blocked, id=25765, stack(0x00007f556804a000,0x00007f556814b000)]
  0x00007f55801be800 JavaThread "Common-Cleaner" daemon [_thread_blocked, id=25767, stack(0x00007f5558b19000,0x00007f5558c1a000)]
  0x00007f558020c800 JavaThread "JDWP Transport Listener: dt_socket" daemon [_thread_blocked, id=25769, stack(0x00007f5558812000,0x00007f5558913000)] _threads_hazard_ptr=0x00007f55802545f0
  0x00007f5580210000 JavaThread "JDWP Event Helper Thread" daemon [_thread_blocked, id=25771, stack(0x00007f5558711000,0x00007f5558812000)]
  0x00007f552c001800 JavaThread "JDWP Command Reader" daemon [_thread_in_native, id=25772, stack(0x00007f5558610000,0x00007f5558711000)]
  0x00007f558026d000 JavaThread "Service Thread" daemon [_thread_blocked, id=25776, stack(0x00007f555850f000,0x00007f5558610000)]
  0x00007f55802ac800 JavaThread "Thread-0" [_thread_blocked, id=25851, stack(0x00007f555830c000,0x00007f555840d000)]
  0x00007f55802af800 JavaThread "Thread-1" [_thread_blocked, id=25963, stack(0x00007f555820b000,0x00007f555830c000)]

Other Threads:
=>0x00007f558016f000 VMThread "VM Thread" [stack: 0x00007f5568652000,0x00007f5568752000] [id=25759]
  0x00007f5580271000 WatcherThread [stack: 0x00007f555840f000,0x00007f555850f000] [id=25777]
  0x00007f558002a800 GCTaskThread "GC Thread#0" [stack: 0x00007f5585678000,0x00007f5585778000] [id=25754]
  0x00007f558005b800 ConcurrentGCThread "G1 Main Marker" [stack: 0x00007f55845db000,0x00007f55846db000] [id=25755]
  0x00007f558005d800 ConcurrentGCThread "G1 Conc#0" [stack: 0x00007f55844d9000,0x00007f55845d9000] [id=25756]
  0x00007f55800d5800 ConcurrentGCThread "G1 Refine#0" [stack: 0x00007f5568856000,0x00007f5568956000] [id=25757]
  0x00007f55800d7000 ConcurrentGCThread "G1 Young RemSet Sampling" [stack: 0x00007f5568754000,0x00007f5568854000] [id=25758]

Threads with active compile tasks:

VM state:at safepoint (normal execution)

VM Mutex/Monitor currently owned by a thread:  ([mutex/lock_event])
[0x00007f5580010140] Threads_lock - owner thread: 0x00007f558016f000

Heap address: 0x0000000084600000, size: 1978 MB, Compressed Oops mode: 32-bit
Narrow klass base: 0x0000000800000000, Narrow klass shift: 3
Compressed class space size: 1073741824 Address: 0x0000000840000000

Heap:
 garbage-first heap   total 129024K, used 3704K [0x0000000084600000, 0x0000000100000000)
  region size 1024K, 5 young (5120K), 0 survivors (0K)
 Metaspace       used 3332K, capacity 4940K, committed 5120K, reserved 1056768K
  class space    used 317K, capacity 454K, committed 512K, reserved 1048576K
Heap Regions: E=young(eden), S=young(survivor), O=old, HS=humongous(starts), HC=humongous(continues), CS=collection set, F=free, A=archive, TAMS=top-at-mark-start (previous, next)
|   0|0x0000000084600000, 0x0000000084600000, 0x0000000084700000|  0%| F|  |TAMS 0x0000000084600000, 0x0000000084600000| Untracked 
|   1|0x0000000084700000, 0x0000000084700000, 0x0000000084800000|  0%| F|  |TAMS 0x0000000084700000, 0x0000000084700000| Untracked 
|   2|0x0000000084800000, 0x0000000084800000, 0x0000000084900000|  0%| F|  |TAMS 0x0000000084800000, 0x0000000084800000| Untracked 
|   3|0x0000000084900000, 0x0000000084900000, 0x0000000084a00000|  0%| F|  |TAMS 0x0000000084900000, 0x0000000084900000| Untracked 
|   4|0x0000000084a00000, 0x0000000084a00000, 0x0000000084b00000|  0%| F|  |TAMS 0x0000000084a00000, 0x0000000084a00000| Untracked 
|   5|0x0000000084b00000, 0x0000000084b00000, 0x0000000084c00000|  0%| F|  |TAMS 0x0000000084b00000, 0x0000000084b00000| Untracked 
|   6|0x0000000084c00000, 0x0000000084c00000, 0x0000000084d00000|  0%| F|  |TAMS 0x0000000084c00000, 0x0000000084c00000| Untracked 
|   7|0x0000000084d00000, 0x0000000084d00000, 0x0000000084e00000|  0%| F|  |TAMS 0x0000000084d00000, 0x0000000084d00000| Untracked 
|   8|0x0000000084e00000, 0x0000000084e00000, 0x0000000084f00000|  0%| F|  |TAMS 0x0000000084e00000, 0x0000000084e00000| Untracked 
|   9|0x0000000084f00000, 0x0000000084f00000, 0x0000000085000000|  0%| F|  |TAMS 0x0000000084f00000, 0x0000000084f00000| Untracked 
|  10|0x0000000085000000, 0x0000000085000000, 0x0000000085100000|  0%| F|  |TAMS 0x0000000085000000, 0x0000000085000000| Untracked 
|  11|0x0000000085100000, 0x0000000085100000, 0x0000000085200000|  0%| F|  |TAMS 0x0000000085100000, 0x0000000085100000| Untracked 
|  12|0x0000000085200000, 0x0000000085200000, 0x0000000085300000|  0%| F|  |TAMS 0x0000000085200000, 0x0000000085200000| Untracked 
|  13|0x0000000085300000, 0x0000000085300000, 0x0000000085400000|  0%| F|  |TAMS 0x0000000085300000, 0x0000000085300000| Untracked 
|  14|0x0000000085400000, 0x0000000085400000, 0x0000000085500000|  0%| F|  |TAMS 0x0000000085400000, 0x0000000085400000| Untracked 
|  15|0x0000000085500000, 0x0000000085500000, 0x0000000085600000|  0%| F|  |TAMS 0x0000000085500000, 0x0000000085500000| Untracked 
|  16|0x0000000085600000, 0x0000000085600000, 0x0000000085700000|  0%| F|  |TAMS 0x0000000085600000, 0x0000000085600000| Untracked 
|  17|0x0000000085700000, 0x0000000085700000, 0x0000000085800000|  0%| F|  |TAMS 0x0000000085700000, 0x0000000085700000| Untracked 
|  18|0x0000000085800000, 0x0000000085800000, 0x0000000085900000|  0%| F|  |TAMS 0x0000000085800000, 0x0000000085800000| Untracked 
|  19|0x0000000085900000, 0x0000000085900000, 0x0000000085a00000|  0%| F|  |TAMS 0x0000000085900000, 0x0000000085900000| Untracked 
|  20|0x0000000085a00000, 0x0000000085a00000, 0x0000000085b00000|  0%| F|  |TAMS 0x0000000085a00000, 0x0000000085a00000| Untracked 
|  21|0x0000000085b00000, 0x0000000085b00000, 0x0000000085c00000|  0%| F|  |TAMS 0x0000000085b00000, 0x0000000085b00000| Untracked 
|  22|0x0000000085c00000, 0x0000000085c00000, 0x0000000085d00000|  0%| F|  |TAMS 0x0000000085c00000, 0x0000000085c00000| Untracked 
|  23|0x0000000085d00000, 0x0000000085d00000, 0x0000000085e00000|  0%| F|  |TAMS 0x0000000085d00000, 0x0000000085d00000| Untracked 
|  24|0x0000000085e00000, 0x0000000085e00000, 0x0000000085f00000|  0%| F|  |TAMS 0x0000000085e00000, 0x0000000085e00000| Untracked 
|  25|0x0000000085f00000, 0x0000000085f00000, 0x0000000086000000|  0%| F|  |TAMS 0x0000000085f00000, 0x0000000085f00000| Untracked 
|  26|0x0000000086000000, 0x0000000086000000, 0x0000000086100000|  0%| F|  |TAMS 0x0000000086000000, 0x0000000086000000| Untracked 
|  27|0x0000000086100000, 0x0000000086100000, 0x0000000086200000|  0%| F|  |TAMS 0x0000000086100000, 0x0000000086100000| Untracked 
|  28|0x0000000086200000, 0x0000000086200000, 0x0000000086300000|  0%| F|  |TAMS 0x0000000086200000, 0x0000000086200000| Untracked 
|  29|0x0000000086300000, 0x0000000086300000, 0x0000000086400000|  0%| F|  |TAMS 0x0000000086300000, 0x0000000086300000| Untracked 
|  30|0x0000000086400000, 0x0000000086400000, 0x0000000086500000|  0%| F|  |TAMS 0x0000000086400000, 0x0000000086400000| Untracked 
|  31|0x0000000086500000, 0x0000000086500000, 0x0000000086600000|  0%| F|  |TAMS 0x0000000086500000, 0x0000000086500000| Untracked 
|  32|0x0000000086600000, 0x0000000086600000, 0x0000000086700000|  0%| F|  |TAMS 0x0000000086600000, 0x0000000086600000| Untracked 
|  33|0x0000000086700000, 0x0000000086700000, 0x0000000086800000|  0%| F|  |TAMS 0x0000000086700000, 0x0000000086700000| Untracked 
|  34|0x0000000086800000, 0x0000000086800000, 0x0000000086900000|  0%| F|  |TAMS 0x0000000086800000, 0x0000000086800000| Untracked 
|  35|0x0000000086900000, 0x0000000086900000, 0x0000000086a00000|  0%| F|  |TAMS 0x0000000086900000, 0x0000000086900000| Untracked 
|  36|0x0000000086a00000, 0x0000000086a00000, 0x0000000086b00000|  0%| F|  |TAMS 0x0000000086a00000, 0x0000000086a00000| Untracked 
|  37|0x0000000086b00000, 0x0000000086b00000, 0x0000000086c00000|  0%| F|  |TAMS 0x0000000086b00000, 0x0000000086b00000| Untracked 
|  38|0x0000000086c00000, 0x0000000086c00000, 0x0000000086d00000|  0%| F|  |TAMS 0x0000000086c00000, 0x0000000086c00000| Untracked 
|  39|0x0000000086d00000, 0x0000000086d00000, 0x0000000086e00000|  0%| F|  |TAMS 0x0000000086d00000, 0x0000000086d00000| Untracked 
|  40|0x0000000086e00000, 0x0000000086e00000, 0x0000000086f00000|  0%| F|  |TAMS 0x0000000086e00000, 0x0000000086e00000| Untracked 
|  41|0x0000000086f00000, 0x0000000086f00000, 0x0000000087000000|  0%| F|  |TAMS 0x0000000086f00000, 0x0000000086f00000| Untracked 
|  42|0x0000000087000000, 0x0000000087000000, 0x0000000087100000|  0%| F|  |TAMS 0x0000000087000000, 0x0000000087000000| Untracked 
|  43|0x0000000087100000, 0x0000000087100000, 0x0000000087200000|  0%| F|  |TAMS 0x0000000087100000, 0x0000000087100000| Untracked 
|  44|0x0000000087200000, 0x0000000087200000, 0x0000000087300000|  0%| F|  |TAMS 0x0000000087200000, 0x0000000087200000| Untracked 
|  45|0x0000000087300000, 0x0000000087300000, 0x0000000087400000|  0%| F|  |TAMS 0x0000000087300000, 0x0000000087300000| Untracked 
|  46|0x0000000087400000, 0x0000000087400000, 0x0000000087500000|  0%| F|  |TAMS 0x0000000087400000, 0x0000000087400000| Untracked 
|  47|0x0000000087500000, 0x0000000087500000, 0x0000000087600000|  0%| F|  |TAMS 0x0000000087500000, 0x0000000087500000| Untracked 
|  48|0x0000000087600000, 0x0000000087600000, 0x0000000087700000|  0%| F|  |TAMS 0x0000000087600000, 0x0000000087600000| Untracked 
|  49|0x0000000087700000, 0x0000000087700000, 0x0000000087800000|  0%| F|  |TAMS 0x0000000087700000, 0x0000000087700000| Untracked 
|  50|0x0000000087800000, 0x0000000087800000, 0x0000000087900000|  0%| F|  |TAMS 0x0000000087800000, 0x0000000087800000| Untracked 
|  51|0x0000000087900000, 0x0000000087900000, 0x0000000087a00000|  0%| F|  |TAMS 0x0000000087900000, 0x0000000087900000| Untracked 
|  52|0x0000000087a00000, 0x0000000087a00000, 0x0000000087b00000|  0%| F|  |TAMS 0x0000000087a00000, 0x0000000087a00000| Untracked 
|  53|0x0000000087b00000, 0x0000000087b00000, 0x0000000087c00000|  0%| F|  |TAMS 0x0000000087b00000, 0x0000000087b00000| Untracked 
|  54|0x0000000087c00000, 0x0000000087c00000, 0x0000000087d00000|  0%| F|  |TAMS 0x0000000087c00000, 0x0000000087c00000| Untracked 
|  55|0x0000000087d00000, 0x0000000087d00000, 0x0000000087e00000|  0%| F|  |TAMS 0x0000000087d00000, 0x0000000087d00000| Untracked 
|  56|0x0000000087e00000, 0x0000000087e00000, 0x0000000087f00000|  0%| F|  |TAMS 0x0000000087e00000, 0x0000000087e00000| Untracked 
|  57|0x0000000087f00000, 0x0000000087f00000, 0x0000000088000000|  0%| F|  |TAMS 0x0000000087f00000, 0x0000000087f00000| Untracked 
|  58|0x0000000088000000, 0x0000000088000000, 0x0000000088100000|  0%| F|  |TAMS 0x0000000088000000, 0x0000000088000000| Untracked 
|  59|0x0000000088100000, 0x0000000088100000, 0x0000000088200000|  0%| F|  |TAMS 0x0000000088100000, 0x0000000088100000| Untracked 
|  60|0x0000000088200000, 0x0000000088200000, 0x0000000088300000|  0%| F|  |TAMS 0x0000000088200000, 0x0000000088200000| Untracked 
|  61|0x0000000088300000, 0x0000000088300000, 0x0000000088400000|  0%| F|  |TAMS 0x0000000088300000, 0x0000000088300000| Untracked 
|  62|0x0000000088400000, 0x0000000088400000, 0x0000000088500000|  0%| F|  |TAMS 0x0000000088400000, 0x0000000088400000| Untracked 
|  63|0x0000000088500000, 0x0000000088500000, 0x0000000088600000|  0%| F|  |TAMS 0x0000000088500000, 0x0000000088500000| Untracked 
|  64|0x0000000088600000, 0x0000000088600000, 0x0000000088700000|  0%| F|  |TAMS 0x0000000088600000, 0x0000000088600000| Untracked 
|  65|0x0000000088700000, 0x0000000088700000, 0x0000000088800000|  0%| F|  |TAMS 0x0000000088700000, 0x0000000088700000| Untracked 
|  66|0x0000000088800000, 0x0000000088800000, 0x0000000088900000|  0%| F|  |TAMS 0x0000000088800000, 0x0000000088800000| Untracked 
|  67|0x0000000088900000, 0x0000000088900000, 0x0000000088a00000|  0%| F|  |TAMS 0x0000000088900000, 0x0000000088900000| Untracked 
|  68|0x0000000088a00000, 0x0000000088a00000, 0x0000000088b00000|  0%| F|  |TAMS 0x0000000088a00000, 0x0000000088a00000| Untracked 
|  69|0x0000000088b00000, 0x0000000088b00000, 0x0000000088c00000|  0%| F|  |TAMS 0x0000000088b00000, 0x0000000088b00000| Untracked 
|  70|0x0000000088c00000, 0x0000000088c00000, 0x0000000088d00000|  0%| F|  |TAMS 0x0000000088c00000, 0x0000000088c00000| Untracked 
|  71|0x0000000088d00000, 0x0000000088d00000, 0x0000000088e00000|  0%| F|  |TAMS 0x0000000088d00000, 0x0000000088d00000| Untracked 
|  72|0x0000000088e00000, 0x0000000088e00000, 0x0000000088f00000|  0%| F|  |TAMS 0x0000000088e00000, 0x0000000088e00000| Untracked 
|  73|0x0000000088f00000, 0x0000000088f00000, 0x0000000089000000|  0%| F|  |TAMS 0x0000000088f00000, 0x0000000088f00000| Untracked 
|  74|0x0000000089000000, 0x0000000089000000, 0x0000000089100000|  0%| F|  |TAMS 0x0000000089000000, 0x0000000089000000| Untracked 
|  75|0x0000000089100000, 0x0000000089100000, 0x0000000089200000|  0%| F|  |TAMS 0x0000000089100000, 0x0000000089100000| Untracked 
|  76|0x0000000089200000, 0x0000000089200000, 0x0000000089300000|  0%| F|  |TAMS 0x0000000089200000, 0x0000000089200000| Untracked 
|  77|0x0000000089300000, 0x0000000089300000, 0x0000000089400000|  0%| F|  |TAMS 0x0000000089300000, 0x0000000089300000| Untracked 
|  78|0x0000000089400000, 0x0000000089400000, 0x0000000089500000|  0%| F|  |TAMS 0x0000000089400000, 0x0000000089400000| Untracked 
|  79|0x0000000089500000, 0x0000000089500000, 0x0000000089600000|  0%| F|  |TAMS 0x0000000089500000, 0x0000000089500000| Untracked 
|  80|0x0000000089600000, 0x0000000089600000, 0x0000000089700000|  0%| F|  |TAMS 0x0000000089600000, 0x0000000089600000| Untracked 
|  81|0x0000000089700000, 0x0000000089700000, 0x0000000089800000|  0%| F|  |TAMS 0x0000000089700000, 0x0000000089700000| Untracked 
|  82|0x0000000089800000, 0x0000000089800000, 0x0000000089900000|  0%| F|  |TAMS 0x0000000089800000, 0x0000000089800000| Untracked 
|  83|0x0000000089900000, 0x0000000089900000, 0x0000000089a00000|  0%| F|  |TAMS 0x0000000089900000, 0x0000000089900000| Untracked 
|  84|0x0000000089a00000, 0x0000000089a00000, 0x0000000089b00000|  0%| F|  |TAMS 0x0000000089a00000, 0x0000000089a00000| Untracked 
|  85|0x0000000089b00000, 0x0000000089b00000, 0x0000000089c00000|  0%| F|  |TAMS 0x0000000089b00000, 0x0000000089b00000| Untracked 
|  86|0x0000000089c00000, 0x0000000089c00000, 0x0000000089d00000|  0%| F|  |TAMS 0x0000000089c00000, 0x0000000089c00000| Untracked 
|  87|0x0000000089d00000, 0x0000000089d00000, 0x0000000089e00000|  0%| F|  |TAMS 0x0000000089d00000, 0x0000000089d00000| Untracked 
|  88|0x0000000089e00000, 0x0000000089e00000, 0x0000000089f00000|  0%| F|  |TAMS 0x0000000089e00000, 0x0000000089e00000| Untracked 
|  89|0x0000000089f00000, 0x0000000089f00000, 0x000000008a000000|  0%| F|  |TAMS 0x0000000089f00000, 0x0000000089f00000| Untracked 
|  90|0x000000008a000000, 0x000000008a000000, 0x000000008a100000|  0%| F|  |TAMS 0x000000008a000000, 0x000000008a000000| Untracked 
|  91|0x000000008a100000, 0x000000008a100000, 0x000000008a200000|  0%| F|  |TAMS 0x000000008a100000, 0x000000008a100000| Untracked 
|  92|0x000000008a200000, 0x000000008a200000, 0x000000008a300000|  0%| F|  |TAMS 0x000000008a200000, 0x000000008a200000| Untracked 
|  93|0x000000008a300000, 0x000000008a300000, 0x000000008a400000|  0%| F|  |TAMS 0x000000008a300000, 0x000000008a300000| Untracked 
|  94|0x000000008a400000, 0x000000008a400000, 0x000000008a500000|  0%| F|  |TAMS 0x000000008a400000, 0x000000008a400000| Untracked 
|  95|0x000000008a500000, 0x000000008a500000, 0x000000008a600000|  0%| F|  |TAMS 0x000000008a500000, 0x000000008a500000| Untracked 
|  96|0x000000008a600000, 0x000000008a600000, 0x000000008a700000|  0%| F|  |TAMS 0x000000008a600000, 0x000000008a600000| Untracked 
|  97|0x000000008a700000, 0x000000008a700000, 0x000000008a800000|  0%| F|  |TAMS 0x000000008a700000, 0x000000008a700000| Untracked 
|  98|0x000000008a800000, 0x000000008a800000, 0x000000008a900000|  0%| F|  |TAMS 0x000000008a800000, 0x000000008a800000| Untracked 
|  99|0x000000008a900000, 0x000000008a900000, 0x000000008aa00000|  0%| F|  |TAMS 0x000000008a900000, 0x000000008a900000| Untracked 
| 100|0x000000008aa00000, 0x000000008aa00000, 0x000000008ab00000|  0%| F|  |TAMS 0x000000008aa00000, 0x000000008aa00000| Untracked 
| 101|0x000000008ab00000, 0x000000008ab00000, 0x000000008ac00000|  0%| F|  |TAMS 0x000000008ab00000, 0x000000008ab00000| Untracked 
| 102|0x000000008ac00000, 0x000000008ac00000, 0x000000008ad00000|  0%| F|  |TAMS 0x000000008ac00000, 0x000000008ac00000| Untracked 
| 103|0x000000008ad00000, 0x000000008ad00000, 0x000000008ae00000|  0%| F|  |TAMS 0x000000008ad00000, 0x000000008ad00000| Untracked 
| 104|0x000000008ae00000, 0x000000008ae00000, 0x000000008af00000|  0%| F|  |TAMS 0x000000008ae00000, 0x000000008ae00000| Untracked 
| 105|0x000000008af00000, 0x000000008af00000, 0x000000008b000000|  0%| F|  |TAMS 0x000000008af00000, 0x000000008af00000| Untracked 
| 106|0x000000008b000000, 0x000000008b000000, 0x000000008b100000|  0%| F|  |TAMS 0x000000008b000000, 0x000000008b000000| Untracked 
| 107|0x000000008b100000, 0x000000008b100000, 0x000000008b200000|  0%| F|  |TAMS 0x000000008b100000, 0x000000008b100000| Untracked 
| 108|0x000000008b200000, 0x000000008b200000, 0x000000008b300000|  0%| F|  |TAMS 0x000000008b200000, 0x000000008b200000| Untracked 
| 109|0x000000008b300000, 0x000000008b300000, 0x000000008b400000|  0%| F|  |TAMS 0x000000008b300000, 0x000000008b300000| Untracked 
| 110|0x000000008b400000, 0x000000008b400000, 0x000000008b500000|  0%| F|  |TAMS 0x000000008b400000, 0x000000008b400000| Untracked 
| 111|0x000000008b500000, 0x000000008b500000, 0x000000008b600000|  0%| F|  |TAMS 0x000000008b500000, 0x000000008b500000| Untracked 
| 112|0x000000008b600000, 0x000000008b600000, 0x000000008b700000|  0%| F|  |TAMS 0x000000008b600000, 0x000000008b600000| Untracked 
| 113|0x000000008b700000, 0x000000008b700000, 0x000000008b800000|  0%| F|  |TAMS 0x000000008b700000, 0x000000008b700000| Untracked 
| 114|0x000000008b800000, 0x000000008b800000, 0x000000008b900000|  0%| F|  |TAMS 0x000000008b800000, 0x000000008b800000| Untracked 
| 115|0x000000008b900000, 0x000000008b900000, 0x000000008ba00000|  0%| F|  |TAMS 0x000000008b900000, 0x000000008b900000| Untracked 
| 116|0x000000008ba00000, 0x000000008ba00000, 0x000000008bb00000|  0%| F|  |TAMS 0x000000008ba00000, 0x000000008ba00000| Untracked 
| 117|0x000000008bb00000, 0x000000008bb00000, 0x000000008bc00000|  0%| F|  |TAMS 0x000000008bb00000, 0x000000008bb00000| Untracked 
| 118|0x000000008bc00000, 0x000000008bc00000, 0x000000008bd00000|  0%| F|  |TAMS 0x000000008bc00000, 0x000000008bc00000| Untracked 
| 119|0x000000008bd00000, 0x000000008bddc660, 0x000000008be00000| 86%| E|  |TAMS 0x000000008bd00000, 0x000000008bd00000| Complete 
| 120|0x000000008be00000, 0x000000008bf00000, 0x000000008bf00000|100%| E|CS|TAMS 0x000000008be00000, 0x000000008be00000| Complete 
| 121|0x000000008bf00000, 0x000000008c000000, 0x000000008c000000|100%| E|  |TAMS 0x000000008bf00000, 0x000000008bf00000| Complete 
| 122|0x000000008c000000, 0x000000008c100000, 0x000000008c100000|100%| E|CS|TAMS 0x000000008c000000, 0x000000008c000000| Complete 
| 123|0x000000008c100000, 0x000000008c200000, 0x000000008c200000|100%| E|CS|TAMS 0x000000008c100000, 0x000000008c100000| Complete 
|1976|0x00000000ffe00000, 0x00000000ffe34000, 0x00000000fff00000| 20%|OA|  |TAMS 0x00000000ffe00000, 0x00000000ffe00000| Untracked 
|1977|0x00000000fff00000, 0x00000000fff6a000, 0x0000000100000000| 41%|CA|  |TAMS 0x00000000fff00000, 0x00000000fff00000| Untracked 

Card table byte_map: [0x00007f5584ab8000,0x00007f5584e95000] _byte_map_base: 0x00007f5584695000

Marking Bits (Prev, Next): (CMBitMap*) 0x00007f5580052ec8, (CMBitMap*) 0x00007f5580052f00
 Prev Bits: [0x00007f5562118000, 0x00007f5564000000)
 Next Bits: [0x00007f5560230000, 0x00007f5562118000)

Polling page: 0x00007f5589be2000

Metaspace:

Usage:
  Non-class:      4.38 MB capacity,     2.94 MB ( 67%) used,     1.43 MB ( 33%) free+waste,     4.00 KB ( <1%) overhead. 
      Class:    454.00 KB capacity,   317.85 KB ( 70%) used,   133.90 KB ( 29%) free+waste,     2.25 KB ( <1%) overhead. 
       Both:      4.82 MB capacity,     3.25 MB ( 67%) used,     1.56 MB ( 32%) free+waste,     6.25 KB ( <1%) overhead. 

Virtual space:
  Non-class space:        8.00 MB reserved,       4.50 MB ( 56%) committed 
      Class space:        1.00 GB reserved,     512.00 KB ( <1%) committed 
             Both:        1.01 GB reserved,       5.00 MB ( <1%) committed 

Chunk freelists:
   Non-Class:  58.00 KB
       Class:  26.00 KB
        Both:  84.00 KB

CodeHeap 'non-profiled nmethods': size=120032Kb used=107Kb max_used=107Kb free=119924Kb
 bounds [0x00007f557041e000, 0x00007f557068e000, 0x00007f5577956000]
CodeHeap 'profiled nmethods': size=120032Kb used=538Kb max_used=538Kb free=119493Kb
 bounds [0x00007f5568ee6000, 0x00007f5569156000, 0x00007f557041e000]
CodeHeap 'non-nmethods': size=5696Kb used=1133Kb max_used=1145Kb free=4562Kb
 bounds [0x00007f5568956000, 0x00007f5568bc6000, 0x00007f5568ee6000]
 total_blobs=825 nmethods=361 adapters=284
 compilation: enabled
              stopped_count=0, restarted_count=0
 full_count=0

Compilation events (10 events):
Event: 94.841 Thread 0x00007f558017d800  359       3       org.eclipse.jdt.launching.internal.org.objectweb.asm.ByteVector::putShort (52 bytes)
Event: 94.842 Thread 0x00007f558017d800 nmethod 359 0x00007f5568f6a390 code [0x00007f5568f6a560, 0x00007f5568f6a7e8]
Event: 94.842 Thread 0x00007f558017d800  357       3       org.eclipse.jdt.launching.internal.org.objectweb.asm.Symbol::<init> (38 bytes)
Event: 94.845 Thread 0x00007f558017d800 nmethod 357 0x00007f5568f6a990 code [0x00007f5568f6ab60, 0x00007f5568f6ae50]
Event: 94.845 Thread 0x00007f558017d800  358       3       org.eclipse.jdt.launching.internal.org.objectweb.asm.SymbolTable::put (150 bytes)
Event: 94.845 Thread 0x00007f558017d800 nmethod 358 0x00007f5568f6af10 code [0x00007f5568f6b120, 0x00007f5568f6ba70]
Event: 180.202 Thread 0x00007f558017d800  360       1       java.security.ProtectionDomain::getCodeSource (5 bytes)
Event: 180.202 Thread 0x00007f558017d800 nmethod 360 0x00007f5570438b90 code [0x00007f5570438d40, 0x00007f5570438e70]
Event: 180.203 Thread 0x00007f558017d800  361       3       org.eclipse.jdt.launching.internal.org.objectweb.asm.SymbolTable::addConstantUtf8 (98 bytes)
Event: 180.204 Thread 0x00007f558017d800 nmethod 361 0x00007f5568f6bd90 code [0x00007f5568f6bfe0, 0x00007f5568f6c6f8]

GC Heap History (0 events):
No events

Deoptimization events (10 events):
Event: 0.590 Thread 0x00007f5580014000 DEOPT PACKING pc=0x00007f5568f4df1f sp=0x00007f5589bc9c50
Event: 0.590 Thread 0x00007f5580014000 DEOPT UNPACKING pc=0x00007f556898f03a sp=0x00007f5589bc9138 mode 0
Event: 0.592 Thread 0x00007f5580014000 DEOPT PACKING pc=0x00007f5568f4df1f sp=0x00007f5589bc9c50
Event: 0.592 Thread 0x00007f5580014000 DEOPT UNPACKING pc=0x00007f556898f03a sp=0x00007f5589bc9138 mode 0
Event: 0.593 Thread 0x00007f5580014000 DEOPT PACKING pc=0x00007f5568f4df1f sp=0x00007f5589bc9c50
Event: 0.593 Thread 0x00007f5580014000 DEOPT UNPACKING pc=0x00007f556898f03a sp=0x00007f5589bc9138 mode 0
Event: 0.600 Thread 0x00007f5580014000 DEOPT PACKING pc=0x00007f5568f4df1f sp=0x00007f5589bcae70
Event: 0.600 Thread 0x00007f5580014000 DEOPT UNPACKING pc=0x00007f556898f03a sp=0x00007f5589bca358 mode 0
Event: 0.600 Thread 0x00007f5580014000 DEOPT PACKING pc=0x00007f5568f4df1f sp=0x00007f5589bcae70
Event: 0.600 Thread 0x00007f5580014000 DEOPT UNPACKING pc=0x00007f556898f03a sp=0x00007f5589bca358 mode 0

Classes redefined (2 events):
Event: 94.844 Thread 0x00007f558016f000 redefined class name=server.ThreadHandler, count=1
Event: 180.208 Thread 0x00007f558016f000 redefined class name=server.ThreadHandler, count=2

Internal exceptions (3 events):
Event: 0.108 Thread 0x00007f5580014000 Exception <a 'java/lang/NoSuchMethodError'{0x000000008c1abe68}: 'int java.lang.invoke.DirectMethodHandle$Holder.invokeSpecial(java.lang.Object, java.lang.Object, java.lang.Object, java.lang.Object)'> (0x000000008c1abe68) thrown at [/build/openjdk-lts-7bqZ
Event: 0.121 Thread 0x00007f5580014000 Exception <a 'java/lang/NoSuchMethodError'{0x000000008c1bbb60}: 'void java.lang.invoke.DirectMethodHandle$Holder.invokeVirtual(java.lang.Object, java.lang.Object)'> (0x000000008c1bbb60) thrown at [/build/openjdk-lts-7bqZff/openjdk-lts-11.0.4+11/src/hotspo
Event: 0.644 Thread 0x00007f5580014000 Exception <a 'java/lang/ClassNotFoundException'{0x000000008bd81550}: jdk/net/ExtendedSocketOptions> (0x000000008bd81550) thrown at [/build/openjdk-lts-7bqZff/openjdk-lts-11.0.4+11/src/hotspot/share/classfile/systemDictionary.cpp, line 231]

Events (10 events):
Event: 188.155 Executing VM operation: GetCurrentContendedMonitor done
Event: 188.155 Executing VM operation: GetFrameCount
Event: 188.156 Executing VM operation: GetFrameCount done
Event: 188.156 Executing VM operation: GetOwnedMonitorInfo
Event: 188.156 Executing VM operation: GetOwnedMonitorInfo done
Event: 188.156 Executing VM operation: GetCurrentContendedMonitor
Event: 188.156 Executing VM operation: GetCurrentContendedMonitor done
Event: 188.162 Executing VM operation: GetFrameLocation
Event: 188.162 Executing VM operation: GetFrameLocation done
Event: 188.162 Executing VM operation: GetOrSetLocal


Dynamic libraries:
84600000-8c200000 rw-p 00000000 00:00 0 
8c200000-ffe00000 ---p 00000000 00:00 0 
ffe00000-ffe34000 rw-p 01116000 08:0b 796363                             /usr/lib/jvm/java-11-openjdk-amd64/lib/server/classes.jsa
ffe34000-fff00000 rw-p 00000000 00:00 0 
fff00000-fff6a000 rw-p 010ac000 08:0b 796363                             /usr/lib/jvm/java-11-openjdk-amd64/lib/server/classes.jsa
fff6a000-100000000 rw-p 00000000 00:00 0 
800000000-800002000 rwxp 00001000 08:0b 796363                           /usr/lib/jvm/java-11-openjdk-amd64/lib/server/classes.jsa
800002000-8010ab000 rw-p 00003000 08:0b 796363                           /usr/lib/jvm/java-11-openjdk-amd64/lib/server/classes.jsa
840000000-840080000 rw-p 00000000 00:00 0 
840080000-880000000 ---p 00000000 00:00 0 
55916e8d5000-55916e8d6000 r-xp 00000000 08:0b 789727                     /usr/lib/jvm/java-11-openjdk-amd64/bin/java
55916ead6000-55916ead7000 r--p 00001000 08:0b 789727                     /usr/lib/jvm/java-11-openjdk-amd64/bin/java
55916ead7000-55916ead8000 rw-p 00002000 08:0b 789727                     /usr/lib/jvm/java-11-openjdk-amd64/bin/java
5591700ab000-5591700cc000 rw-p 00000000 00:00 0                          [heap]
7f5510000000-7f5510021000 rw-p 00000000 00:00 0 
7f5510021000-7f5514000000 ---p 00000000 00:00 0 
7f5514000000-7f5514021000 rw-p 00000000 00:00 0 
7f5514021000-7f5518000000 ---p 00000000 00:00 0 
7f5518000000-7f5518021000 rw-p 00000000 00:00 0 
7f5518021000-7f551c000000 ---p 00000000 00:00 0 
7f551c000000-7f551c021000 rw-p 00000000 00:00 0 
7f551c021000-7f5520000000 ---p 00000000 00:00 0 
7f5520000000-7f5520021000 rw-p 00000000 00:00 0 
7f5520021000-7f5524000000 ---p 00000000 00:00 0 
7f5524000000-7f5524021000 rw-p 00000000 00:00 0 
7f5524021000-7f5528000000 ---p 00000000 00:00 0 
7f5528000000-7f5528021000 rw-p 00000000 00:00 0 
7f5528021000-7f552c000000 ---p 00000000 00:00 0 
7f552c000000-7f552c021000 rw-p 00000000 00:00 0 
7f552c021000-7f5530000000 ---p 00000000 00:00 0 
7f5530000000-7f55300a9000 rw-p 00000000 00:00 0 
7f55300a9000-7f5534000000 ---p 00000000 00:00 0 
7f5534000000-7f5534021000 rw-p 00000000 00:00 0 
7f5534021000-7f5538000000 ---p 00000000 00:00 0 
7f5538000000-7f5538021000 rw-p 00000000 00:00 0 
7f5538021000-7f553c000000 ---p 00000000 00:00 0 
7f553c000000-7f553c282000 rw-p 00000000 00:00 0 
7f553c282000-7f5540000000 ---p 00000000 00:00 0 
7f5540000000-7f5540021000 rw-p 00000000 00:00 0 
7f5540021000-7f5544000000 ---p 00000000 00:00 0 
7f5544000000-7f5544021000 rw-p 00000000 00:00 0 
7f5544021000-7f5548000000 ---p 00000000 00:00 0 
7f5548000000-7f5548021000 rw-p 00000000 00:00 0 
7f5548021000-7f554c000000 ---p 00000000 00:00 0 
7f554c000000-7f554c021000 rw-p 00000000 00:00 0 
7f554c021000-7f5550000000 ---p 00000000 00:00 0 
7f5550000000-7f5550021000 rw-p 00000000 00:00 0 
7f5550021000-7f5554000000 ---p 00000000 00:00 0 
7f5554000000-7f5554021000 rw-p 00000000 00:00 0 
7f5554021000-7f5558000000 ---p 00000000 00:00 0 
7f555820b000-7f555820f000 ---p 00000000 00:00 0 
7f555820f000-7f555830c000 rw-p 00000000 00:00 0 
7f555830c000-7f5558310000 ---p 00000000 00:00 0 
7f5558310000-7f555840d000 rw-p 00000000 00:00 0 
7f555840d000-7f555840e000 ---p 00000000 00:00 0 
7f555840e000-7f555850f000 rw-p 00000000 00:00 0 
7f555850f000-7f5558513000 ---p 00000000 00:00 0 
7f5558513000-7f5558610000 rw-p 00000000 00:00 0 
7f5558610000-7f5558614000 ---p 00000000 00:00 0 
7f5558614000-7f5558711000 rw-p 00000000 00:00 0 
7f5558711000-7f5558715000 ---p 00000000 00:00 0 
7f5558715000-7f5558812000 rw-p 00000000 00:00 0 
7f5558812000-7f5558816000 ---p 00000000 00:00 0 
7f5558816000-7f5558913000 rw-p 00000000 00:00 0 
7f5558913000-7f5558917000 r-xp 00000000 08:0b 796187                     /usr/lib/jvm/java-11-openjdk-amd64/lib/libdt_socket.so
7f5558917000-7f5558b17000 ---p 00004000 08:0b 796187                     /usr/lib/jvm/java-11-openjdk-amd64/lib/libdt_socket.so
7f5558b17000-7f5558b18000 r--p 00004000 08:0b 796187                     /usr/lib/jvm/java-11-openjdk-amd64/lib/libdt_socket.so
7f5558b18000-7f5558b19000 rw-p 00005000 08:0b 796187                     /usr/lib/jvm/java-11-openjdk-amd64/lib/libdt_socket.so
7f5558b19000-7f5558b1d000 ---p 00000000 00:00 0 
7f5558b1d000-7f5558c1a000 rw-p 00000000 00:00 0 
7f5558c1a000-7f5558c30000 r-xp 00000000 08:0b 796207                     /usr/lib/jvm/java-11-openjdk-amd64/lib/libnet.so
7f5558c30000-7f5558e2f000 ---p 00016000 08:0b 796207                     /usr/lib/jvm/java-11-openjdk-amd64/lib/libnet.so
7f5558e2f000-7f5558e30000 r--p 00015000 08:0b 796207                     /usr/lib/jvm/java-11-openjdk-amd64/lib/libnet.so
7f5558e30000-7f5558e31000 rw-p 00016000 08:0b 796207                     /usr/lib/jvm/java-11-openjdk-amd64/lib/libnet.so
7f5558e31000-7f5559800000 r--p 00000000 08:0b 793258                     /usr/lib/locale/locale-archive
7f5559800000-7f5559c80000 rw-p 00000000 00:00 0 
7f5559c80000-7f555a000000 ---p 00000000 00:00 0 
7f555a000000-7f555c000000 rw-p 00000000 00:00 0 
7f555c000000-7f555c021000 rw-p 00000000 00:00 0 
7f555c021000-7f5560000000 ---p 00000000 00:00 0 
7f556001f000-7f556002f000 r-xp 00000000 08:0b 796208                     /usr/lib/jvm/java-11-openjdk-amd64/lib/libnio.so
7f556002f000-7f556022e000 ---p 00010000 08:0b 796208                     /usr/lib/jvm/java-11-openjdk-amd64/lib/libnio.so
7f556022e000-7f556022f000 r--p 0000f000 08:0b 796208                     /usr/lib/jvm/java-11-openjdk-amd64/lib/libnio.so
7f556022f000-7f5560230000 rw-p 00010000 08:0b 796208                     /usr/lib/jvm/java-11-openjdk-amd64/lib/libnio.so
7f5560230000-7f5560420000 rw-p 00000000 00:00 0 
7f5560420000-7f5562110000 ---p 00000000 00:00 0 
7f5562110000-7f5562308000 rw-p 00000000 00:00 0 
7f5562308000-7f5563ff8000 ---p 00000000 00:00 0 
7f5563ff8000-7f5564000000 rw-p 00000000 00:00 0 
7f5564000000-7f5564021000 rw-p 00000000 00:00 0 
7f5564021000-7f5568000000 ---p 00000000 00:00 0 
7f556804a000-7f556804e000 ---p 00000000 00:00 0 
7f556804e000-7f556814b000 rw-p 00000000 00:00 0 
7f556814b000-7f556814f000 ---p 00000000 00:00 0 
7f556814f000-7f556824c000 rw-p 00000000 00:00 0 
7f556824c000-7f5568250000 ---p 00000000 00:00 0 
7f5568250000-7f556834d000 rw-p 00000000 00:00 0 
7f556834d000-7f5568351000 ---p 00000000 00:00 0 
7f5568351000-7f556844e000 rw-p 00000000 00:00 0 
7f556844e000-7f5568452000 ---p 00000000 00:00 0 
7f5568452000-7f556854f000 rw-p 00000000 00:00 0 
7f556854f000-7f5568553000 ---p 00000000 00:00 0 
7f5568553000-7f5568650000 rw-p 00000000 00:00 0 
7f5568650000-7f5568651000 ---p 00000000 00:00 0 
7f5568651000-7f5568752000 rw-p 00000000 00:00 0 
7f5568752000-7f5568753000 ---p 00000000 00:00 0 
7f5568753000-7f5568854000 rw-p 00000000 00:00 0 
7f5568854000-7f5568855000 ---p 00000000 00:00 0 
7f5568855000-7f5568956000 rw-p 00000000 00:00 0 
7f5568956000-7f5568bc6000 rwxp 00000000 00:00 0 
7f5568bc6000-7f5568ee6000 ---p 00000000 00:00 0 
7f5568ee6000-7f5569156000 rwxp 00000000 00:00 0 
7f5569156000-7f557041e000 ---p 00000000 00:00 0 
7f557041e000-7f557068e000 rwxp 00000000 00:00 0 
7f557068e000-7f5577956000 ---p 00000000 00:00 0 
7f5577956000-7f5580000000 r--s 00000000 08:0b 796217                     /usr/lib/jvm/java-11-openjdk-amd64/lib/modules
7f5580000000-7f558032e000 rw-p 00000000 00:00 0 
7f558032e000-7f5584000000 ---p 00000000 00:00 0 
7f5584052000-7f55844d7000 rw-p 00000000 00:00 0 
7f55844d7000-7f55844d8000 ---p 00000000 00:00 0 
7f55844d8000-7f55845d9000 rw-p 00000000 00:00 0 
7f55845d9000-7f55845da000 ---p 00000000 00:00 0 
7f55845da000-7f5584719000 rw-p 00000000 00:00 0 
7f5584719000-7f5584ab7000 ---p 00000000 00:00 0 
7f5584ab7000-7f5584af6000 rw-p 00000000 00:00 0 
7f5584af6000-7f5584e94000 ---p 00000000 00:00 0 
7f5584e94000-7f5584ed3000 rw-p 00000000 00:00 0 
7f5584ed3000-7f5585271000 ---p 00000000 00:00 0 
7f5585271000-7f5585676000 rw-p 00000000 00:00 0 
7f5585676000-7f5585677000 ---p 00000000 00:00 0 
7f5585677000-7f558577d000 rw-p 00000000 00:00 0 
7f558577d000-7f5585863000 ---p 00000000 00:00 0 
7f5585863000-7f5585868000 rw-p 00000000 00:00 0 
7f5585868000-7f558594e000 ---p 00000000 00:00 0 
7f558594e000-7f5585953000 r-xp 00000000 08:0b 796199                     /usr/lib/jvm/java-11-openjdk-amd64/lib/libjimage.so
7f5585953000-7f5585b52000 ---p 00005000 08:0b 796199                     /usr/lib/jvm/java-11-openjdk-amd64/lib/libjimage.so
7f5585b52000-7f5585b53000 r--p 00004000 08:0b 796199                     /usr/lib/jvm/java-11-openjdk-amd64/lib/libjimage.so
7f5585b53000-7f5585b54000 rw-p 00005000 08:0b 796199                     /usr/lib/jvm/java-11-openjdk-amd64/lib/libjimage.so
7f5585b54000-7f5585b5b000 r-xp 00000000 08:0b 796216                     /usr/lib/jvm/java-11-openjdk-amd64/lib/libzip.so
7f5585b5b000-7f5585d5a000 ---p 00007000 08:0b 796216                     /usr/lib/jvm/java-11-openjdk-amd64/lib/libzip.so
7f5585d5a000-7f5585d5b000 r--p 00006000 08:0b 796216                     /usr/lib/jvm/java-11-openjdk-amd64/lib/libzip.so
7f5585d5b000-7f5585d5c000 rw-p 00007000 08:0b 796216                     /usr/lib/jvm/java-11-openjdk-amd64/lib/libzip.so
7f5585d5c000-7f5585d67000 r-xp 00000000 08:0b 3150673                    /lib/x86_64-linux-gnu/libnss_files-2.27.so
7f5585d67000-7f5585f66000 ---p 0000b000 08:0b 3150673                    /lib/x86_64-linux-gnu/libnss_files-2.27.so
7f5585f66000-7f5585f67000 r--p 0000a000 08:0b 3150673                    /lib/x86_64-linux-gnu/libnss_files-2.27.so
7f5585f67000-7f5585f68000 rw-p 0000b000 08:0b 3150673                    /lib/x86_64-linux-gnu/libnss_files-2.27.so
7f5585f68000-7f5585f6e000 rw-p 00000000 00:00 0 
7f5585f6e000-7f5585f85000 r-xp 00000000 08:0b 3150667                    /lib/x86_64-linux-gnu/libnsl-2.27.so
7f5585f85000-7f5586184000 ---p 00017000 08:0b 3150667                    /lib/x86_64-linux-gnu/libnsl-2.27.so
7f5586184000-7f5586185000 r--p 00016000 08:0b 3150667                    /lib/x86_64-linux-gnu/libnsl-2.27.so
7f5586185000-7f5586186000 rw-p 00017000 08:0b 3150667                    /lib/x86_64-linux-gnu/libnsl-2.27.so
7f5586186000-7f5586188000 rw-p 00000000 00:00 0 
7f5586188000-7f5586193000 r-xp 00000000 08:0b 3150684                    /lib/x86_64-linux-gnu/libnss_nis-2.27.so
7f5586193000-7f5586392000 ---p 0000b000 08:0b 3150684                    /lib/x86_64-linux-gnu/libnss_nis-2.27.so
7f5586392000-7f5586393000 r--p 0000a000 08:0b 3150684                    /lib/x86_64-linux-gnu/libnss_nis-2.27.so
7f5586393000-7f5586394000 rw-p 0000b000 08:0b 3150684                    /lib/x86_64-linux-gnu/libnss_nis-2.27.so
7f5586394000-7f558639c000 r-xp 00000000 08:0b 3150669                    /lib/x86_64-linux-gnu/libnss_compat-2.27.so
7f558639c000-7f558659c000 ---p 00008000 08:0b 3150669                    /lib/x86_64-linux-gnu/libnss_compat-2.27.so
7f558659c000-7f558659d000 r--p 00008000 08:0b 3150669                    /lib/x86_64-linux-gnu/libnss_compat-2.27.so
7f558659d000-7f558659e000 rw-p 00009000 08:0b 3150669                    /lib/x86_64-linux-gnu/libnss_compat-2.27.so
7f558659e000-7f55865a8000 r-xp 00000000 08:0b 796190                     /usr/lib/jvm/java-11-openjdk-amd64/lib/libinstrument.so
7f55865a8000-7f55867a7000 ---p 0000a000 08:0b 796190                     /usr/lib/jvm/java-11-openjdk-amd64/lib/libinstrument.so
7f55867a7000-7f55867a8000 r--p 00009000 08:0b 796190                     /usr/lib/jvm/java-11-openjdk-amd64/lib/libinstrument.so
7f55867a8000-7f55867a9000 rw-p 0000a000 08:0b 796190                     /usr/lib/jvm/java-11-openjdk-amd64/lib/libinstrument.so
7f55867a9000-7f55867e4000 r-xp 00000000 08:0b 796198                     /usr/lib/jvm/java-11-openjdk-amd64/lib/libjdwp.so
7f55867e4000-7f55869e3000 ---p 0003b000 08:0b 796198                     /usr/lib/jvm/java-11-openjdk-amd64/lib/libjdwp.so
7f55869e3000-7f55869e4000 r--p 0003a000 08:0b 796198                     /usr/lib/jvm/java-11-openjdk-amd64/lib/libjdwp.so
7f55869e4000-7f55869e5000 rw-p 0003b000 08:0b 796198                     /usr/lib/jvm/java-11-openjdk-amd64/lib/libjdwp.so
7f55869e5000-7f5586a0e000 r-xp 00000000 08:0b 796195                     /usr/lib/jvm/java-11-openjdk-amd64/lib/libjava.so
7f5586a0e000-7f5586c0d000 ---p 00029000 08:0b 796195                     /usr/lib/jvm/java-11-openjdk-amd64/lib/libjava.so
7f5586c0d000-7f5586c0e000 r--p 00028000 08:0b 796195                     /usr/lib/jvm/java-11-openjdk-amd64/lib/libjava.so
7f5586c0e000-7f5586c10000 rw-p 00029000 08:0b 796195                     /usr/lib/jvm/java-11-openjdk-amd64/lib/libjava.so
7f5586c10000-7f5586c1d000 r-xp 00000000 08:0b 796215                     /usr/lib/jvm/java-11-openjdk-amd64/lib/libverify.so
7f5586c1d000-7f5586e1c000 ---p 0000d000 08:0b 796215                     /usr/lib/jvm/java-11-openjdk-amd64/lib/libverify.so
7f5586e1c000-7f5586e1e000 r--p 0000c000 08:0b 796215                     /usr/lib/jvm/java-11-openjdk-amd64/lib/libverify.so
7f5586e1e000-7f5586e1f000 rw-p 0000e000 08:0b 796215                     /usr/lib/jvm/java-11-openjdk-amd64/lib/libverify.so
7f5586e1f000-7f5586e26000 r-xp 00000000 08:0b 3150724                    /lib/x86_64-linux-gnu/librt-2.27.so
7f5586e26000-7f5587025000 ---p 00007000 08:0b 3150724                    /lib/x86_64-linux-gnu/librt-2.27.so
7f5587025000-7f5587026000 r--p 00006000 08:0b 3150724                    /lib/x86_64-linux-gnu/librt-2.27.so
7f5587026000-7f5587027000 rw-p 00007000 08:0b 3150724                    /lib/x86_64-linux-gnu/librt-2.27.so
7f5587027000-7f558703e000 r-xp 00000000 08:0b 3145734                    /lib/x86_64-linux-gnu/libgcc_s.so.1
7f558703e000-7f558723d000 ---p 00017000 08:0b 3145734                    /lib/x86_64-linux-gnu/libgcc_s.so.1
7f558723d000-7f558723e000 r--p 00016000 08:0b 3145734                    /lib/x86_64-linux-gnu/libgcc_s.so.1
7f558723e000-7f558723f000 rw-p 00017000 08:0b 3145734                    /lib/x86_64-linux-gnu/libgcc_s.so.1
7f558723f000-7f55873dc000 r-xp 00000000 08:0b 3150646                    /lib/x86_64-linux-gnu/libm-2.27.so
7f55873dc000-7f55875db000 ---p 0019d000 08:0b 3150646                    /lib/x86_64-linux-gnu/libm-2.27.so
7f55875db000-7f55875dc000 r--p 0019c000 08:0b 3150646                    /lib/x86_64-linux-gnu/libm-2.27.so
7f55875dc000-7f55875dd000 rw-p 0019d000 08:0b 3150646                    /lib/x86_64-linux-gnu/libm-2.27.so
7f55875dd000-7f5587756000 r-xp 00000000 08:0b 786563                     /usr/lib/x86_64-linux-gnu/libstdc++.so.6.0.25
7f5587756000-7f5587956000 ---p 00179000 08:0b 786563                     /usr/lib/x86_64-linux-gnu/libstdc++.so.6.0.25
7f5587956000-7f5587960000 r--p 00179000 08:0b 786563                     /usr/lib/x86_64-linux-gnu/libstdc++.so.6.0.25
7f5587960000-7f5587962000 rw-p 00183000 08:0b 786563                     /usr/lib/x86_64-linux-gnu/libstdc++.so.6.0.25
7f5587962000-7f5587966000 rw-p 00000000 00:00 0 
7f5587966000-7f5588a32000 r-xp 00000000 08:0b 796222                     /usr/lib/jvm/java-11-openjdk-amd64/lib/server/libjvm.so
7f5588a32000-7f5588c31000 ---p 010cc000 08:0b 796222                     /usr/lib/jvm/java-11-openjdk-amd64/lib/server/libjvm.so
7f5588c31000-7f5588cee000 r--p 010cb000 08:0b 796222                     /usr/lib/jvm/java-11-openjdk-amd64/lib/server/libjvm.so
7f5588cee000-7f5588d27000 rw-p 01188000 08:0b 796222                     /usr/lib/jvm/java-11-openjdk-amd64/lib/server/libjvm.so
7f5588d27000-7f5588d7d000 rw-p 00000000 00:00 0 
7f5588d7d000-7f5588d97000 r-xp 00000000 08:0b 3150716                    /lib/x86_64-linux-gnu/libpthread-2.27.so
7f5588d97000-7f5588f96000 ---p 0001a000 08:0b 3150716                    /lib/x86_64-linux-gnu/libpthread-2.27.so
7f5588f96000-7f5588f97000 r--p 00019000 08:0b 3150716                    /lib/x86_64-linux-gnu/libpthread-2.27.so
7f5588f97000-7f5588f98000 rw-p 0001a000 08:0b 3150716                    /lib/x86_64-linux-gnu/libpthread-2.27.so
7f5588f98000-7f5588f9c000 rw-p 00000000 00:00 0 
7f5588f9c000-7f5588f9f000 r-xp 00000000 08:0b 3150606                    /lib/x86_64-linux-gnu/libdl-2.27.so
7f5588f9f000-7f558919e000 ---p 00003000 08:0b 3150606                    /lib/x86_64-linux-gnu/libdl-2.27.so
7f558919e000-7f558919f000 r--p 00002000 08:0b 3150606                    /lib/x86_64-linux-gnu/libdl-2.27.so
7f558919f000-7f55891a0000 rw-p 00003000 08:0b 3150606                    /lib/x86_64-linux-gnu/libdl-2.27.so
7f55891a0000-7f55891bc000 r-xp 00000000 08:0b 3150755                    /lib/x86_64-linux-gnu/libz.so.1.2.11
7f55891bc000-7f55893bb000 ---p 0001c000 08:0b 3150755                    /lib/x86_64-linux-gnu/libz.so.1.2.11
7f55893bb000-7f55893bc000 r--p 0001b000 08:0b 3150755                    /lib/x86_64-linux-gnu/libz.so.1.2.11
7f55893bc000-7f55893bd000 rw-p 0001c000 08:0b 3150755                    /lib/x86_64-linux-gnu/libz.so.1.2.11
7f55893bd000-7f55895a4000 r-xp 00000000 08:0b 3150583                    /lib/x86_64-linux-gnu/libc-2.27.so
7f55895a4000-7f55897a4000 ---p 001e7000 08:0b 3150583                    /lib/x86_64-linux-gnu/libc-2.27.so
7f55897a4000-7f55897a8000 r--p 001e7000 08:0b 3150583                    /lib/x86_64-linux-gnu/libc-2.27.so
7f55897a8000-7f55897aa000 rw-p 001eb000 08:0b 3150583                    /lib/x86_64-linux-gnu/libc-2.27.so
7f55897aa000-7f55897ae000 rw-p 00000000 00:00 0 
7f55897ae000-7f55897be000 r-xp 00000000 08:0b 796179                     /usr/lib/jvm/java-11-openjdk-amd64/lib/jli/libjli.so
7f55897be000-7f55899bd000 ---p 00010000 08:0b 796179                     /usr/lib/jvm/java-11-openjdk-amd64/lib/jli/libjli.so
7f55899bd000-7f55899be000 r--p 0000f000 08:0b 796179                     /usr/lib/jvm/java-11-openjdk-amd64/lib/jli/libjli.so
7f55899be000-7f55899bf000 rw-p 00010000 08:0b 796179                     /usr/lib/jvm/java-11-openjdk-amd64/lib/jli/libjli.so
7f55899bf000-7f55899e6000 r-xp 00000000 08:0b 3150555                    /lib/x86_64-linux-gnu/ld-2.27.so
7f5589a25000-7f5589ac7000 rw-p 00000000 00:00 0 
7f5589ac7000-7f5589ace000 ---p 00000000 00:00 0 
7f5589ace000-7f5589ad2000 ---p 00000000 00:00 0 
7f5589ad2000-7f5589bd1000 rw-p 00000000 00:00 0 
7f5589bd1000-7f5589bd8000 r--s 00000000 08:0b 1051239                    /usr/lib/x86_64-linux-gnu/gconv/gconv-modules.cache
7f5589bd8000-7f5589bda000 r--s 00007000 08:0b 1186602                    /usr/share/java/java-atk-wrapper.jar
7f5589bda000-7f5589be2000 rw-s 00000000 08:0b 6946854                    /tmp/hsperfdata_arjun/25747
7f5589be2000-7f5589be3000 ---p 00000000 00:00 0 
7f5589be3000-7f5589be4000 r--p 00000000 00:00 0 
7f5589be4000-7f5589be6000 rw-p 00000000 00:00 0 
7f5589be6000-7f5589be7000 r--p 00027000 08:0b 3150555                    /lib/x86_64-linux-gnu/ld-2.27.so
7f5589be7000-7f5589be8000 rw-p 00028000 08:0b 3150555                    /lib/x86_64-linux-gnu/ld-2.27.so
7f5589be8000-7f5589be9000 rw-p 00000000 00:00 0 
7ffe1695e000-7ffe1697f000 rw-p 00000000 00:00 0                          [stack]
7ffe169c5000-7ffe169c8000 r--p 00000000 00:00 0                          [vvar]
7ffe169c8000-7ffe169ca000 r-xp 00000000 00:00 0                          [vdso]
ffffffffff600000-ffffffffff601000 r-xp 00000000 00:00 0                  [vsyscall]


VM Arguments:
jvm_args: -agentlib:jdwp=transport=dt_socket,suspend=y,address=localhost:37029 -javaagent:/home/arjun/stsLinux/sts-bundle/sts-3.9.10.RELEASE/configuration/org.eclipse.osgi/302/0/.cp/lib/javaagent-shaded.jar -Dfile.encoding=UTF-8 --module-path=/home/arjun/Documents/cloudComputing/MemcachedClientServer/bin -Djdk.module.main=MemcachedClientServer 
java_command: MemcachedClientServer/server.Server1
java_class_path (initial): <not set>
Launcher Type: SUN_STANDARD

[Global flags]
     intx CICompilerCount                          = 3                                         {product} {ergonomic}
     uint ConcGCThreads                            = 1                                         {product} {ergonomic}
     uint G1ConcRefinementThreads                  = 4                                         {product} {ergonomic}
   size_t G1HeapRegionSize                         = 1048576                                   {product} {ergonomic}
    uintx GCDrainStackTargetSize                   = 64                                        {product} {ergonomic}
   size_t InitialHeapSize                          = 130023424                                 {product} {ergonomic}
   size_t MarkStackSize                            = 4194304                                   {product} {ergonomic}
   size_t MaxHeapSize                              = 2074083328                                {product} {ergonomic}
   size_t MaxNewSize                               = 1243611136                                {product} {ergonomic}
   size_t MinHeapDeltaBytes                        = 1048576                                   {product} {ergonomic}
    uintx NonNMethodCodeHeapSize                   = 5830092                                {pd product} {ergonomic}
    uintx NonProfiledCodeHeapSize                  = 122914074                              {pd product} {ergonomic}
    uintx ProfiledCodeHeapSize                     = 122914074                              {pd product} {ergonomic}
    uintx ReservedCodeCacheSize                    = 251658240                              {pd product} {ergonomic}
     bool SegmentedCodeCache                       = true                                      {product} {ergonomic}
     bool UseCompressedClassPointers               = true                                 {lp64_product} {ergonomic}
     bool UseCompressedOops                        = true                                 {lp64_product} {ergonomic}
     bool UseG1GC                                  = true                                      {product} {ergonomic}

Logging:
Log output configuration:
 #0: stdout all=warning uptime,level,tags
 #1: stderr all=off uptime,level,tags

Environment Variables:
PATH=/usr/local/sbin:/usr/local/bin:/usr/sbin:/usr/bin:/sbin:/bin:/usr/games:/usr/local/games:/snap/bin
USERNAME=arjun
SHELL=/bin/bash
DISPLAY=:0

Signal Handlers:
SIGSEGV: [libjvm.so+0xde5f50], sa_mask[0]=11111111011111111101111111111110, sa_flags=SA_RESTART|SA_SIGINFO
SIGBUS: [libjvm.so+0xde5f50], sa_mask[0]=11111111011111111101111111111110, sa_flags=SA_RESTART|SA_SIGINFO
SIGFPE: [libjvm.so+0xde5f50], sa_mask[0]=11111111011111111101111111111110, sa_flags=SA_RESTART|SA_SIGINFO
SIGPIPE: [libjvm.so+0xbba5b0], sa_mask[0]=11111111011111111101111111111110, sa_flags=SA_RESTART|SA_SIGINFO
SIGXFSZ: [libjvm.so+0xbba5b0], sa_mask[0]=11111111011111111101111111111110, sa_flags=SA_RESTART|SA_SIGINFO
SIGILL: [libjvm.so+0xde5f50], sa_mask[0]=11111111011111111101111111111110, sa_flags=SA_RESTART|SA_SIGINFO
SIGUSR2: [libjvm.so+0xbba450], sa_mask[0]=00100000000000000000000000000000, sa_flags=SA_RESTART|SA_SIGINFO
SIGHUP: [libjvm.so+0xbba7b0], sa_mask[0]=11111111011111111101111111111110, sa_flags=SA_RESTART|SA_SIGINFO
SIGINT: [libjvm.so+0xbba7b0], sa_mask[0]=11111111011111111101111111111110, sa_flags=SA_RESTART|SA_SIGINFO
SIGTERM: [libjvm.so+0xbba7b0], sa_mask[0]=11111111011111111101111111111110, sa_flags=SA_RESTART|SA_SIGINFO
SIGQUIT: [libjvm.so+0xbba7b0], sa_mask[0]=11111111011111111101111111111110, sa_flags=SA_RESTART|SA_SIGINFO


---------------  S Y S T E M  ---------------

OS:DISTRIB_ID=Ubuntu
DISTRIB_RELEASE=18.04
DISTRIB_CODENAME=bionic
DISTRIB_DESCRIPTION="Ubuntu 18.04.2 LTS"
uname:Linux 4.18.0-15-generic #16~18.04.1-Ubuntu SMP Thu Feb 7 14:06:04 UTC 2019 x86_64
libc:glibc 2.27 NPTL 2.27 
rlimit: STACK 8192k, CORE 0k, NPROC 31169, NOFILE 4096, AS infinity, DATA infinity, FSIZE infinity
load average:3.01 2.62 2.00

/proc/meminfo:
MemTotal:        8096308 kB
MemFree:          441700 kB
MemAvailable:    3067584 kB
Buffers:          359784 kB
Cached:          2754880 kB
SwapCached:            0 kB
Active:          5429228 kB
Inactive:        1758760 kB
Active(anon):    3979100 kB
Inactive(anon):   478580 kB
Active(file):    1450128 kB
Inactive(file):  1280180 kB
Unevictable:          48 kB
Mlocked:              48 kB
SwapTotal:       8623100 kB
SwapFree:        8623100 kB
Dirty:               316 kB
Writeback:             0 kB
AnonPages:       4073536 kB
Mapped:           815024 kB
Shmem:            399608 kB
Slab:             267668 kB
SReclaimable:     202296 kB
SUnreclaim:        65372 kB
KernelStack:       18080 kB
PageTables:        72596 kB
NFS_Unstable:          0 kB
Bounce:                0 kB
WritebackTmp:          0 kB
CommitLimit:    12671252 kB
Committed_AS:   11744308 kB
VmallocTotal:   34359738367 kB
VmallocUsed:           0 kB
VmallocChunk:          0 kB
HardwareCorrupted:     0 kB
AnonHugePages:         0 kB
ShmemHugePages:        0 kB
ShmemPmdMapped:        0 kB
CmaTotal:              0 kB
CmaFree:               0 kB
HugePages_Total:       0
HugePages_Free:        0
HugePages_Rsvd:        0
HugePages_Surp:        0
Hugepagesize:       2048 kB
Hugetlb:               0 kB
DirectMap4k:      287360 kB
DirectMap2M:     8030208 kB
DirectMap1G:     1048576 kB


/proc/sys/kernel/threads-max (system-wide limit on the number of threads):
62338


/proc/sys/vm/max_map_count (maximum number of memory map areas a process may have):
65530


/proc/sys/kernel/pid_max (system-wide limit on number of process identifiers):
32768



container (cgroup) information:
container_type: cgroupv1
cpu_cpuset_cpus: 0-3
cpu_memory_nodes: 0
active_processor_count: 4
cpu_quota: -1
cpu_period: 100000
cpu_shares: -1
memory_limit_in_bytes: -1
memory_and_swap_limit_in_bytes: -2
memory_soft_limit_in_bytes: -1
memory_usage_in_bytes: 7360315392
memory_max_usage_in_bytes: 0

Steal ticks since vm start: 0
Steal ticks percentage since vm start:  0.000

CPU:total 4 (initial active 4) (2 cores per cpu, 2 threads per core) family 6 model 69 stepping 1, cmov, cx8, fxsr, mmx, sse, sse2, sse3, ssse3, sse4.1, sse4.2, popcnt, avx, avx2, aes, clmul, erms, lzcnt, ht, tsc, tscinvbit, bmi1, bmi2, fma
CPU Model and flags from /proc/cpuinfo:
model name	: Intel(R) Core(TM) i5-4210U CPU @ 1.70GHz
flags		: fpu vme de pse tsc msr pae mce cx8 apic sep mtrr pge mca cmov pat pse36 clflush dts acpi mmx fxsr sse sse2 ss ht tm pbe syscall nx pdpe1gb rdtscp lm constant_tsc arch_perfmon pebs bts rep_good nopl xtopology nonstop_tsc cpuid aperfmperf pni pclmulqdq dtes64 monitor ds_cpl vmx est tm2 ssse3 sdbg fma cx16 xtpr pdcm pcid sse4_1 sse4_2 movbe popcnt tsc_deadline_timer aes xsave avx f16c rdrand lahf_lm abm cpuid_fault epb invpcid_single pti ssbd ibrs ibpb stibp tpr_shadow vnmi flexpriority ept vpid fsgsbase tsc_adjust bmi1 avx2 smep bmi2 erms invpcid xsaveopt dtherm ida arat pln pts flush_l1d

Memory: 4k page, physical 8096308k(442044k free), swap 8623100k(8623100k free)

vm_info: OpenJDK 64-Bit Server VM (11.0.4+11-post-Ubuntu-1ubuntu218.04.3) for linux-amd64 JRE (11.0.4+11-post-Ubuntu-1ubuntu218.04.3), built on Jul 18 2019 18:21:46 by "buildd" with gcc 7.4.0

END.
